0 info it worked if it ends with ok
1 verbose cli [ '/usr/local/Cellar/node/7.2.1/bin/node',
1 verbose cli   '/usr/local/bin/npm',
1 verbose cli   'run',
1 verbose cli   'start-dev' ]
2 info using npm@4.1.1
3 info using node@v7.2.1
4 verbose run-script [ 'prestart-dev', 'start-dev', 'poststart-dev' ]
5 info lifecycle hls-web@0.0.1~prestart-dev: hls-web@0.0.1
6 silly lifecycle hls-web@0.0.1~prestart-dev: no script for prestart-dev, continuing
7 info lifecycle hls-web@0.0.1~start-dev: hls-web@0.0.1
8 verbose lifecycle hls-web@0.0.1~start-dev: unsafe-perm in lifecycle true
9 verbose lifecycle hls-web@0.0.1~start-dev: PATH: /usr/local/lib/node_modules/npm/bin/node-gyp-bin:/Users/westoncatron/heatworks/code/lab/hls-web/node_modules/.bin:/Library/Frameworks/Python.framework/Versions/2.6/bin:/opt/local/bin:/opt/local/sbin:/usr/local/bin:/usr/bin:/bin:/usr/sbin:/sbin:/Applications/Wireshark.app/Contents/MacOS
10 verbose lifecycle hls-web@0.0.1~start-dev: CWD: /Users/westoncatron/heatworks/code/lab/hls-web
11 silly lifecycle hls-web@0.0.1~start-dev: Args: [ '-c',
11 silly lifecycle   'export NODE_ENV=development && node build-server/server.js' ]
12 silly lifecycle hls-web@0.0.1~start-dev: Returned: code: 1  signal: null
13 info lifecycle hls-web@0.0.1~start-dev: Failed to exec start-dev script
14 verbose stack Error: hls-web@0.0.1 start-dev: `export NODE_ENV=development && node build-server/server.js`
14 verbose stack Exit status 1
14 verbose stack     at EventEmitter.<anonymous> (/usr/local/lib/node_modules/npm/lib/utils/lifecycle.js:279:16)
14 verbose stack     at emitTwo (events.js:106:13)
14 verbose stack     at EventEmitter.emit (events.js:191:7)
14 verbose stack     at ChildProcess.<anonymous> (/usr/local/lib/node_modules/npm/lib/utils/spawn.js:40:14)
14 verbose stack     at emitTwo (events.js:106:13)
14 verbose stack     at ChildProcess.emit (events.js:191:7)
14 verbose stack     at maybeClose (internal/child_process.js:885:16)
14 verbose stack     at Process.ChildProcess._handle.onexit (internal/child_process.js:226:5)
15 verbose pkgid hls-web@0.0.1
16 verbose cwd /Users/westoncatron/heatworks/code/lab/hls-web
17 error Darwin 16.4.0
18 error argv "/usr/local/Cellar/node/7.2.1/bin/node" "/usr/local/bin/npm" "run" "start-dev"
19 error node v7.2.1
20 error npm  v4.1.1
21 error code ELIFECYCLE
22 error hls-web@0.0.1 start-dev: `export NODE_ENV=development && node build-server/server.js`
22 error Exit status 1
23 error Failed at the hls-web@0.0.1 start-dev script 'export NODE_ENV=development && node build-server/server.js'.
23 error Make sure you have the latest version of node.js and npm installed.
23 error If you do, this is most likely a problem with the hls-web package,
23 error not with npm itself.
23 error Tell the author that this fails on your system:
23 error     export NODE_ENV=development && node build-server/server.js
23 error You can get information on how to open an issue for this project with:
23 error     npm bugs hls-web
23 error Or if that isn't available, you can get their info via:
23 error     npm owner ls hls-web
23 error There is likely additional logging output above.
24 verbose exit [ 1, true ]
